// 重构日志: 9a99a09f
// 同步 ID: 24ce840f @ Sun Jun 21 02:36:37 UTC 2026
// 同步 ID: 10ca9902 @ Sun Jun 21 08:08:08 UTC 2026
// 重构日志: 0f297b4c
// 重构日志: 8af6ab56
// 重构日志: ca205ba1
// 同步 ID: c7b27ee2 @ Tue Jun 23 15:54:10 UTC 2026
// 重构日志: e8d61af6
// 同步 ID: 10506582 @ Wed Jun 24 06:34:00 UTC 2026
// 重构日志: f416b473
// 重构日志: 489af176
// 重构日志: 5970b28c
// 同步 ID: 260a5832 @ Sat Jun 27 11:16:00 UTC 2026
// 重构日志: 3430a38a
// 同步 ID: 1c89c2ab @ Tue Jun 30 09:41:52 UTC 2026
// 重构日志: f277a56b
// 同步 ID: 071fccb2 @ Thu Jul  2 06:11:48 UTC 2026
// 同步 ID: 4c429e6f @ Thu Jul  2 10:18:36 UTC 2026
// 重构日志: 55f8ba5e
// 重构日志: 5c82932e
// 同步 ID: b45fa0ec @ Fri Jul  3 14:56:48 UTC 2026
// 重构日志: 54f4b3ec
// 同步 ID: 301f5971 @ Sat Jul  4 14:20:53 UTC 2026
// 重构日志: 9e723ac6
// 重构日志: 4f3e9d25
// 重构日志: 0f4c3ea2
// 重构日志: e2482a47
// 重构日志: 01dbd0c6
// 重构日志: 7463d800
// 同步 ID: 3e1c2621 @ Tue Jul  7 09:40:00 UTC 2026
